 whisper Pulling 
 c19952135643 Pulling fs layer 
 7bbf972c6c2f Pulling fs layer 
 900e2c02f17f Pulling fs layer 
 abe9c1abe6f3 Pulling fs layer 
 89dc3f59a6b5 Pulling fs layer 
 ec7ea0aee5f6 Pulling fs layer 
 ba9c19952a05 Pulling fs layer 
 87005f4f6317 Pulling fs layer 
 4f4fb700ef54 Pulling fs layer 
 24b023eb431b Pulling fs layer 
 834c404ff3a1 Pulling fs layer 
 b12e3f9bb103 Pulling fs layer 
 770200fb953b Pulling fs layer 
 9b53b5045932 Pulling fs layer 
 b0d048573a28 Pulling fs layer 
 4f4fb700ef54 Waiting 
 24b023eb431b Waiting 
 abe9c1abe6f3 Waiting 
 834c404ff3a1 Waiting 
 770200fb953b Waiting 
 89dc3f59a6b5 Waiting 
 b12e3f9bb103 Waiting 
 ba9c19952a05 Waiting 
 87005f4f6317 Waiting 
 ec7ea0aee5f6 Waiting 
 9b53b5045932 Waiting 
 b0d048573a28 Waiting 
 7bbf972c6c2f Downloading [>                                                  ]  251.7kB/24.02MB
 c19952135643 Downloading [>                                                  ]  499.7kB/48.49MB
 7bbf972c6c2f Downloading [=>                                                 ]  494.8kB/24.02MB
 900e2c02f17f Downloading [>                                                  ]  532.5kB/64.4MB
 c19952135643 Downloading [=>                                                 ]  991.2kB/48.49MB
 7bbf972c6c2f Downloading [=>                                                 ]  740.5kB/24.02MB
 7bbf972c6c2f Downloading [==>                                                ]  986.3kB/24.02MB
 c19952135643 Downloading [=>                                                 ]  1.483MB/48.49MB
 900e2c02f17f Downloading [>                                                  ]  1.073MB/64.4MB
 7bbf972c6c2f Downloading [==>                                                ]  1.232MB/24.02MB
 c19952135643 Downloading [==>                                                ]  1.974MB/48.49MB
 7bbf972c6c2f Downloading [===>                                               ]  1.478MB/24.02MB
 7bbf972c6c2f Downloading [===>                                               ]  1.724MB/24.02MB
 900e2c02f17f Downloading [=>                                                 ]  1.614MB/64.4MB
 c19952135643 Downloading [==>                                                ]  2.466MB/48.49MB
 7bbf972c6c2f Downloading [====>                                              ]  1.969MB/24.02MB
 c19952135643 Downloading [===>                                               ]  2.957MB/48.49MB
 7bbf972c6c2f Downloading [====>                                              ]  2.215MB/24.02MB
 900e2c02f17f Downloading [=>                                                 ]  2.154MB/64.4MB
 c19952135643 Downloading [===>                                               ]  3.449MB/48.49MB
 7bbf972c6c2f Downloading [=====>                                             ]  2.461MB/24.02MB
 7bbf972c6c2f Downloading [=====>                                             ]  2.707MB/24.02MB
 c19952135643 Downloading [====>                                              ]   3.94MB/48.49MB
 900e2c02f17f Downloading [==>                                                ]  2.695MB/64.4MB
 7bbf972c6c2f Downloading [======>                                            ]  2.952MB/24.02MB
 c19952135643 Downloading [====>                                              ]  4.432MB/48.49MB
 7bbf972c6c2f Downloading [======>                                            ]  3.198MB/24.02MB
 900e2c02f17f Downloading [==>                                                ]  3.236MB/64.4MB
 7bbf972c6c2f Downloading [=======>                                           ]  3.444MB/24.02MB
 c19952135643 Downloading [=====>                                             ]  4.923MB/48.49MB
 7bbf972c6c2f Downloading [=======>                                           ]   3.69MB/24.02MB
 900e2c02f17f Downloading [==>                                                ]  3.777MB/64.4MB
 7bbf972c6c2f Downloading [========>                                          ]  3.935MB/24.02MB
 c19952135643 Downloading [=====>                                             ]  5.415MB/48.49MB
 7bbf972c6c2f Downloading [========>                                          ]  4.181MB/24.02MB
 900e2c02f17f Downloading [===>                                               ]  4.317MB/64.4MB
 7bbf972c6c2f Downloading [=========>                                         ]  4.427MB/24.02MB
 c19952135643 Downloading [======>                                            ]  5.906MB/48.49MB
 7bbf972c6c2f Downloading [=========>                                         ]  4.673MB/24.02MB
 900e2c02f17f Downloading [===>                                               ]  4.858MB/64.4MB
 7bbf972c6c2f Downloading [==========>                                        ]  4.918MB/24.02MB
 c19952135643 Downloading [======>                                            ]  6.398MB/48.49MB
 7bbf972c6c2f Downloading [==========>                                        ]  5.164MB/24.02MB
 900e2c02f17f Downloading [====>                                              ]  5.399MB/64.4MB
 7bbf972c6c2f Downloading [===========>                                       ]   5.41MB/24.02MB
 c19952135643 Downloading [=======>                                           ]  6.889MB/48.49MB
 7bbf972c6c2f Downloading [===========>                                       ]  5.656MB/24.02MB
 900e2c02f17f Downloading [====>                                              ]  5.939MB/64.4MB
 7bbf972c6c2f Downloading [============>                                      ]  5.901MB/24.02MB
 c19952135643 Downloading [=======>                                           ]  7.381MB/48.49MB
 7bbf972c6c2f Downloading [============>                                      ]  6.147MB/24.02MB
 c19952135643 Downloading [========>                                          ]  7.873MB/48.49MB
 900e2c02f17f Downloading [=====>                                             ]   6.48MB/64.4MB
 7bbf972c6c2f Downloading [=============>                                     ]  6.393MB/24.02MB
 7bbf972c6c2f Downloading [=============>                                     ]  6.639MB/24.02MB
 c19952135643 Downloading [========>                                          ]  8.364MB/48.49MB
 900e2c02f17f Downloading [=====>                                             ]  7.021MB/64.4MB
 7bbf972c6c2f Downloading [==============>                                    ]  6.885MB/24.02MB
 7bbf972c6c2f Downloading [==============>                                    ]  7.129MB/24.02MB
 c19952135643 Downloading [=========>                                         ]  8.856MB/48.49MB
 7bbf972c6c2f Downloading [===============>                                   ]  7.376MB/24.02MB
 900e2c02f17f Downloading [=====>                                             ]  7.557MB/64.4MB
 c19952135643 Downloading [=========>                                         ]  9.347MB/48.49MB
 7bbf972c6c2f Downloading [===============>                                   ]  7.622MB/24.02MB
 7bbf972c6c2f Downloading [================>                                  ]  7.867MB/24.02MB
 c19952135643 Downloading [==========>                                        ]  9.839MB/48.49MB
 900e2c02f17f Downloading [======>                                            ]  8.097MB/64.4MB
 7bbf972c6c2f Downloading [================>                                  ]  8.112MB/24.02MB
 7bbf972c6c2f Downloading [=================>                                 ]  8.358MB/24.02MB
 c19952135643 Downloading [==========>                                        ]  10.33MB/48.49MB
 900e2c02f17f Downloading [======>                                            ]  8.634MB/64.4MB
 7bbf972c6c2f Downloading [=================>                                 ]  8.604MB/24.02MB
 c19952135643 Downloading [===========>                                       ]  10.82MB/48.49MB
 7bbf972c6c2f Downloading [==================>                                ]   8.85MB/24.02MB
 900e2c02f17f Downloading [=======>                                           ]  9.174MB/64.4MB
 7bbf972c6c2f Downloading [==================>                                ]  9.095MB/24.02MB
 c19952135643 Downloading [===========>                                       ]  11.31MB/48.49MB
 7bbf972c6c2f Downloading [===================>                               ]  9.341MB/24.02MB
 900e2c02f17f Downloading [=======>                                           ]  9.715MB/64.4MB
 c19952135643 Downloading [============>                                      ]   11.8MB/48.49MB
 7bbf972c6c2f Downloading [===================>                               ]  9.587MB/24.02MB
 c19952135643 Downloading [============>                                      ]  12.29MB/48.49MB
 900e2c02f17f Downloading [=======>                                           ]  10.26MB/64.4MB
 7bbf972c6c2f Downloading [====================>                              ]  9.833MB/24.02MB
 c19952135643 Downloading [=============>                                     ]  12.78MB/48.49MB
 900e2c02f17f Downloading [========>                                          ]   10.8MB/64.4MB
 7bbf972c6c2f Downloading [====================>                              ]  10.08MB/24.02MB
 7bbf972c6c2f Downloading [=====================>                             ]  10.32MB/24.02MB
 c19952135643 Downloading [=============>                                     ]  13.28MB/48.49MB
 900e2c02f17f Downloading [========>                                          ]  11.34MB/64.4MB
 7bbf972c6c2f Downloading [======================>                            ]  10.57MB/24.02MB
 c19952135643 Downloading [==============>                                    ]  13.77MB/48.49MB
 7bbf972c6c2f Downloading [======================>                            ]  10.82MB/24.02MB
 900e2c02f17f Downloading [=========>                                         ]  11.88MB/64.4MB
 c19952135643 Downloading [==============>                                    ]  14.26MB/48.49MB
 7bbf972c6c2f Downloading [=======================>                           ]  11.06MB/24.02MB
 900e2c02f17f Downloading [=========>                                         ]  12.42MB/64.4MB
 c19952135643 Downloading [===============>                                   ]  14.75MB/48.49MB
 7bbf972c6c2f Downloading [=======================>                           ]  11.31MB/24.02MB
 7bbf972c6c2f Downloading [========================>                          ]  11.55MB/24.02MB
 c19952135643 Downloading [===============>                                   ]  15.24MB/48.49MB
 900e2c02f17f Downloading [==========>                                        ]  12.96MB/64.4MB
 7bbf972c6c2f Downloading [========================>                          ]   11.8MB/24.02MB
 7bbf972c6c2f Downloading [=========================>                         ]  12.04MB/24.02MB
 c19952135643 Downloading [================>                                  ]  15.73MB/48.49MB
 900e2c02f17f Downloading [==========>                                        ]   13.5MB/64.4MB
 7bbf972c6c2f Downloading [=========================>                         ]  12.29MB/24.02MB
 c19952135643 Downloading [================>                                  ]  16.23MB/48.49MB
 7bbf972c6c2f Downloading [==========================>                        ]  12.54MB/24.02MB
 900e2c02f17f Downloading [==========>                                        ]  14.04MB/64.4MB
 7bbf972c6c2f Downloading [==========================>                        ]  12.78MB/24.02MB
 c19952135643 Downloading [=================>                                 ]  16.72MB/48.49MB
 7bbf972c6c2f Downloading [===========================>                       ]  13.03MB/24.02MB
 900e2c02f17f Downloading [===========>                                       ]  14.58MB/64.4MB
 7bbf972c6c2f Downloading [===========================>                       ]  13.27MB/24.02MB
 c19952135643 Downloading [=================>                                 ]  17.21MB/48.49MB
 7bbf972c6c2f Downloading [============================>                      ]  13.52MB/24.02MB
 900e2c02f17f Downloading [===========>                                       ]  15.12MB/64.4MB
 7bbf972c6c2f Downloading [============================>                      ]  13.77MB/24.02MB
 c19952135643 Downloading [==================>                                ]   17.7MB/48.49MB
 7bbf972c6c2f Downloading [=============================>                     ]  14.02MB/24.02MB
 7bbf972c6c2f Downloading [=============================>                     ]  14.26MB/24.02MB
 900e2c02f17f Downloading [============>                                      ]  15.66MB/64.4MB
 c19952135643 Downloading [==================>                                ]  18.19MB/48.49MB
 7bbf972c6c2f Downloading [==============================>                    ]  14.51MB/24.02MB
 7bbf972c6c2f Downloading [==============================>                    ]  14.75MB/24.02MB
 c19952135643 Downloading [===================>                               ]  18.68MB/48.49MB
 900e2c02f17f Downloading [============>                                      ]   16.2MB/64.4MB
 7bbf972c6c2f Downloading [===============================>                   ]     15MB/24.02MB
 7bbf972c6c2f Downloading [===============================>                   ]  15.25MB/24.02MB
 c19952135643 Downloading [===================>                               ]  19.17MB/48.49MB
 900e2c02f17f Downloading [============>                                      ]  16.74MB/64.4MB
 7bbf972c6c2f Downloading [================================>                  ]  15.49MB/24.02MB
 7bbf972c6c2f Downloading [================================>                  ]  15.74MB/24.02MB
 c19952135643 Downloading [====================>                              ]  19.67MB/48.49MB
 900e2c02f17f Downloading [=============>                                     ]  17.28MB/64.4MB
 7bbf972c6c2f Downloading [=================================>                 ]  15.98MB/24.02MB
 7bbf972c6c2f Downloading [=================================>                 ]  16.23MB/24.02MB
 c19952135643 Downloading [====================>                              ]  20.16MB/48.49MB
 900e2c02f17f Downloading [=============>                                     ]  17.83MB/64.4MB
 7bbf972c6c2f Downloading [==================================>                ]  16.47MB/24.02MB
 7bbf972c6c2f Downloading [==================================>                ]  16.72MB/24.02MB
 c19952135643 Downloading [=====================>                             ]  20.65MB/48.49MB
 900e2c02f17f Downloading [==============>                                    ]  18.37MB/64.4MB
 7bbf972c6c2f Downloading [===================================>               ]  16.96MB/24.02MB
 7bbf972c6c2f Downloading [===================================>               ]  17.21MB/24.02MB
 c19952135643 Downloading [=====================>                             ]  21.14MB/48.49MB
 7bbf972c6c2f Downloading [====================================>              ]  17.45MB/24.02MB
 900e2c02f17f Downloading [==============>                                    ]  18.91MB/64.4MB
 7bbf972c6c2f Downloading [====================================>              ]   17.7MB/24.02MB
 c19952135643 Downloading [======================>                            ]  21.63MB/48.49MB
 7bbf972c6c2f Downloading [=====================================>             ]  17.94MB/24.02MB
 900e2c02f17f Downloading [===============>                                   ]  19.45MB/64.4MB
 7bbf972c6c2f Downloading [=====================================>             ]  18.19MB/24.02MB
 c19952135643 Downloading [======================>                            ]  22.12MB/48.49MB
 7bbf972c6c2f Downloading [======================================>            ]  18.44MB/24.02MB
 900e2c02f17f Downloading [===============>                                   ]  19.99MB/64.4MB
 7bbf972c6c2f Downloading [======================================>            ]  18.68MB/24.02MB
 c19952135643 Downloading [=======================>                           ]  22.61MB/48.49MB
 7bbf972c6c2f Downloading [=======================================>           ]  18.93MB/24.02MB
 900e2c02f17f Downloading [===============>                                   ]  20.53MB/64.4MB
 7bbf972c6c2f Downloading [=======================================>           ]  19.17MB/24.02MB
 c19952135643 Downloading [=======================>                           ]  23.11MB/48.49MB
 7bbf972c6c2f Downloading [========================================>          ]  19.42MB/24.02MB
 900e2c02f17f Downloading [================>                                  ]  21.07MB/64.4MB
 7bbf972c6c2f Downloading [========================================>          ]  19.67MB/24.02MB
 7bbf972c6c2f Downloading [=========================================>         ]  19.91MB/24.02MB
 c19952135643 Downloading [========================>                          ]   23.6MB/48.49MB
 900e2c02f17f Downloading [================>                                  ]  21.61MB/64.4MB
 7bbf972c6c2f Downloading [=========================================>         ]  20.16MB/24.02MB
 7bbf972c6c2f Downloading [==========================================>        ]   20.4MB/24.02MB
 c19952135643 Downloading [========================>                          ]  24.09MB/48.49MB
 900e2c02f17f Downloading [=================>                                 ]  22.15MB/64.4MB
 7bbf972c6c2f Downloading [==========================================>        ]  20.65MB/24.02MB
 7bbf972c6c2f Downloading [===========================================>       ]  20.89MB/24.02MB
 c19952135643 Downloading [=========================>                         ]  24.58MB/48.49MB
 900e2c02f17f Downloading [=================>                                 ]  22.69MB/64.4MB
 7bbf972c6c2f Downloading [============================================>      ]  21.14MB/24.02MB
 7bbf972c6c2f Downloading [============================================>      ]  21.39MB/24.02MB
 c19952135643 Downloading [=========================>                         ]  25.07MB/48.49MB
 7bbf972c6c2f Downloading [=============================================>     ]  21.63MB/24.02MB
 900e2c02f17f Downloading [==================>                                ]  23.23MB/64.4MB
 7bbf972c6c2f Downloading [=============================================>     ]  21.88MB/24.02MB
 c19952135643 Downloading [==========================>                        ]  25.56MB/48.49MB
 7bbf972c6c2f Downloading [==============================================>    ]  22.12MB/24.02MB
 7bbf972c6c2f Downloading [==============================================>    ]  22.37MB/24.02MB
 c19952135643 Downloading [==========================>                        ]  26.06MB/48.49MB
 900e2c02f17f Downloading [==================>                                ]  23.77MB/64.4MB
 7bbf972c6c2f Downloading [===============================================>   ]  22.61MB/24.02MB
 7bbf972c6c2f Downloading [===============================================>   ]  22.86MB/24.02MB
 c19952135643 Downloading [===========================>                       ]  26.55MB/48.49MB
 900e2c02f17f Downloading [==================>                                ]  24.31MB/64.4MB
 7bbf972c6c2f Downloading [================================================>  ]  23.11MB/24.02MB
 7bbf972c6c2f Downloading [================================================>  ]  23.35MB/24.02MB
 c19952135643 Downloading [===========================>                       ]  27.04MB/48.49MB
 7bbf972c6c2f Downloading [=================================================> ]   23.6MB/24.02MB
 900e2c02f17f Downloading [===================>                               ]  24.85MB/64.4MB
 c19952135643 Downloading [============================>                      ]  27.53MB/48.49MB
 7bbf972c6c2f Downloading [=================================================> ]  23.84MB/24.02MB
 7bbf972c6c2f Verifying Checksum 
 7bbf972c6c2f Download complete 
 900e2c02f17f Downloading [===================>                               ]  25.39MB/64.4MB
 c19952135643 Downloading [============================>                      ]  28.02MB/48.49MB
 900e2c02f17f Downloading [====================>                              ]  25.94MB/64.4MB
 c19952135643 Downloading [=============================>                     ]  28.51MB/48.49MB
 c19952135643 Downloading [=============================>                     ]     29MB/48.49MB
 900e2c02f17f Downloading [====================>                              ]  26.48MB/64.4MB
 abe9c1abe6f3 Downloading [>                                                  ]  540.7kB/211.4MB
 c19952135643 Downloading [==============================>                    ]   29.5MB/48.49MB
 900e2c02f17f Downloading [====================>                              ]  27.02MB/64.4MB
 abe9c1abe6f3 Downloading [>                                                  ]  1.081MB/211.4MB
 c19952135643 Downloading [==============================>                    ]  29.99MB/48.49MB
 900e2c02f17f Downloading [=====================>                             ]  27.56MB/64.4MB
 abe9c1abe6f3 Downloading [>                                                  ]  1.622MB/211.4MB
 c19952135643 Downloading [===============================>                   ]  30.48MB/48.49MB
 900e2c02f17f Downloading [=====================>                             ]   28.1MB/64.4MB
 abe9c1abe6f3 Downloading [>                                                  ]  2.163MB/211.4MB
 c19952135643 Downloading [===============================>                   ]  30.97MB/48.49MB
 abe9c1abe6f3 Downloading [>                                                  ]  2.703MB/211.4MB
 900e2c02f17f Downloading [======================>                            ]  28.64MB/64.4MB
 c19952135643 Downloading [================================>                  ]  31.46MB/48.49MB
 abe9c1abe6f3 Downloading [>                                                  ]  3.244MB/211.4MB
 900e2c02f17f Downloading [======================>                            ]  29.18MB/64.4MB
 c19952135643 Downloading [================================>                  ]  31.95MB/48.49MB
 abe9c1abe6f3 Downloading [>                                                  ]  3.785MB/211.4MB
 c19952135643 Downloading [=================================>                 ]  32.45MB/48.49MB
 900e2c02f17f Downloading [=======================>                           ]  29.71MB/64.4MB
 abe9c1abe6f3 Downloading [=>                                                 ]  4.325MB/211.4MB
 c19952135643 Downloading [=================================>                 ]  32.94MB/48.49MB
 abe9c1abe6f3 Downloading [=>                                                 ]  4.866MB/211.4MB
 900e2c02f17f Downloading [=======================>                           ]  30.25MB/64.4MB
 abe9c1abe6f3 Downloading [=>                                                 ]  5.407MB/211.4MB
 c19952135643 Downloading [==================================>                ]  33.43MB/48.49MB
 900e2c02f17f Downloading [=======================>                           ]  30.79MB/64.4MB
 abe9c1abe6f3 Downloading [=>                                                 ]  5.947MB/211.4MB
 c19952135643 Downloading [==================================>                ]  33.92MB/48.49MB
 abe9c1abe6f3 Downloading [=>                                                 ]  6.488MB/211.4MB
 900e2c02f17f Downloading [========================>                          ]  31.33MB/64.4MB
 c19952135643 Downloading [===================================>               ]  34.41MB/48.49MB
 abe9c1abe6f3 Downloading [=>                                                 ]  7.029MB/211.4MB
 900e2c02f17f Downloading [========================>                          ]  31.87MB/64.4MB
 c19952135643 Downloading [===================================>               ]   34.9MB/48.49MB
 abe9c1abe6f3 Downloading [=>                                                 ]  7.569MB/211.4MB
 900e2c02f17f Downloading [=========================>                         ]  32.41MB/64.4MB
 c19952135643 Downloading [====================================>              ]  35.39MB/48.49MB
 abe9c1abe6f3 Downloading [=>                                                 ]   8.11MB/211.4MB
 c19952135643 Downloading [=====================================>             ]  35.89MB/48.49MB
 900e2c02f17f Downloading [=========================>                         ]  32.95MB/64.4MB
 abe9c1abe6f3 Downloading [==>                                                ]  8.651MB/211.4MB
 c19952135643 Downloading [=====================================>             ]  36.37MB/48.49MB
 abe9c1abe6f3 Downloading [==>                                                ]  9.191MB/211.4MB
 900e2c02f17f Downloading [==========================>                        ]   33.5MB/64.4MB
 abe9c1abe6f3 Downloading [==>                                                ]  9.732MB/211.4MB
 c19952135643 Downloading [======================================>            ]  36.87MB/48.49MB
 900e2c02f17f Downloading [==========================>                        ]  34.04MB/64.4MB
 abe9c1abe6f3 Downloading [==>                                                ]  10.27MB/211.4MB
 c19952135643 Downloading [======================================>            ]  37.36MB/48.49MB
 900e2c02f17f Downloading [==========================>                        ]  34.58MB/64.4MB
 abe9c1abe6f3 Downloading [==>                                                ]  10.81MB/211.4MB
 c19952135643 Downloading [=======================================>           ]  37.85MB/48.49MB
 900e2c02f17f Downloading [===========================>                       ]  35.12MB/64.4MB
 abe9c1abe6f3 Downloading [==>                                                ]  11.35MB/211.4MB
 c19952135643 Downloading [=======================================>           ]  38.34MB/48.49MB
 900e2c02f17f Downloading [===========================>                       ]  35.66MB/64.4MB
 abe9c1abe6f3 Downloading [==>                                                ]  11.89MB/211.4MB
 c19952135643 Downloading [========================================>          ]  38.83MB/48.49MB
 900e2c02f17f Downloading [============================>                      ]   36.2MB/64.4MB
 abe9c1abe6f3 Downloading [==>                                                ]  12.44MB/211.4MB
 c19952135643 Downloading [========================================>          ]  39.32MB/48.49MB
 900e2c02f17f Downloading [============================>                      ]  36.74MB/64.4MB
 abe9c1abe6f3 Downloading [===>                                               ]  12.98MB/211.4MB
 c19952135643 Downloading [=========================================>         ]  39.82MB/48.49MB
 c19952135643 Downloading [=========================================>         ]  40.31MB/48.49MB
 900e2c02f17f Downloading [============================>                      ]  37.28MB/64.4MB
 c19952135643 Downloading [==========================================>        ]   40.8MB/48.49MB
 abe9c1abe6f3 Downloading [===>                                               ]  13.52MB/211.4MB
 c19952135643 Downloading [==========================================>        ]  41.29MB/48.49MB
 900e2c02f17f Downloading [=============================>                     ]  37.82MB/64.4MB
 c19952135643 Downloading [===========================================>       ]  41.78MB/48.49MB
 abe9c1abe6f3 Downloading [===>                                               ]  14.06MB/211.4MB
 c19952135643 Downloading [===========================================>       ]  42.27MB/48.49MB
 c19952135643 Downloading [============================================>      ]  42.76MB/48.49MB
 900e2c02f17f Downloading [=============================>                     ]  38.36MB/64.4MB
 abe9c1abe6f3 Downloading [===>                                               ]   14.6MB/211.4MB
 c19952135643 Downloading [============================================>      ]  43.25MB/48.49MB
 c19952135643 Downloading [=============================================>     ]  43.74MB/48.49MB
 900e2c02f17f Downloading [==============================>                    ]   38.9MB/64.4MB
 abe9c1abe6f3 Downloading [===>                                               ]  15.14MB/211.4MB
 c19952135643 Downloading [=============================================>     ]  44.23MB/48.49MB
 abe9c1abe6f3 Downloading [===>                                               ]  15.68MB/211.4MB
 c19952135643 Downloading [==============================================>    ]  44.72MB/48.49MB
 900e2c02f17f Downloading [==============================>                    ]  39.44MB/64.4MB
 c19952135643 Downloading [==============================================>    ]  45.21MB/48.49MB
 abe9c1abe6f3 Downloading [===>                                               ]  16.22MB/211.4MB
 c19952135643 Downloading [===============================================>   ]   45.7MB/48.49MB
 900e2c02f17f Downloading [===============================>                   ]  39.98MB/64.4MB
 abe9c1abe6f3 Downloading [===>                                               ]  16.76MB/211.4MB
 c19952135643 Downloading [===============================================>   ]   46.2MB/48.49MB
 abe9c1abe6f3 Downloading [====>                                              ]   17.3MB/211.4MB
 900e2c02f17f Downloading [===============================>                   ]  40.52MB/64.4MB
 c19952135643 Downloading [================================================>  ]  46.69MB/48.49MB
 abe9c1abe6f3 Downloading [====>                                              ]  17.84MB/211.4MB
unexpected EOF
